<?xml version="1.0" encoding="UTF-8"?>
<!-- Generated by org.testng.reporters.JUnitXMLReporter -->
<testsuite ignored="0" hostname="INCBEL46215049" failures="0" tests="2" name="Surefire test" time="35.903" errors="0" timestamp="2025-07-07T21:49:31 IST">
  <testcase classname="io.cucumber.testng.AbstractTestNGCucumberTests" name="runScenario" time="17.552"/>
  <testcase classname="io.cucumber.testng.AbstractTestNGCucumberTests" name="runScenario" time="14.959"/>
</testsuite> <!-- Surefire test -->
