<?xml version="1.0" encoding="UTF-8"?>
<testsuite xmlns:xsi="http://www.w3.org/2001/XMLSchema-instance" xsi:noNamespaceSchemaLocation="https://maven.apache.org/surefire/maven-surefire-plugin/xsd/surefire-test-report.xsd" version="3.0.1" name="TestSuite" time="37.449" tests="2" errors="0" skipped="0" failures="0">
  <properties>
[...]
</properties>
  <testcase name="runScenario[&quot;Search Experience both product Search and both home and offer page&quot;, &quot;Search and Place the order for products&quot;](1)" classname="CucumberOptions.TestNgRunner" time="17.556">
    <system-err><![CDATA[SLF4J(W): No SLF4J providers were found.
SLF4J(W): Defaulting to no-operation (NOP) logger implementation
SLF4J(W): See https://www.slf4j.org/codes.html#noProviders for further details.
]]></system-err>
  </testcase>
  <testcase name="runScenario[&quot;Search Experience both product Search and both home and offer page&quot;, &quot;Search and Place the order for products&quot;](2)" classname="CucumberOptions.TestNgRunner" time="14.955"/>
</testsuite>