<?xml version="1.0" encoding="UTF-8"?>
<!-- Generated by org.testng.reporters.JUnitReportReporter -->
<testsuite hostname="INCBEL46215049" failures="1" tests="1" name="CucumberOptions.FailedTestNgRunner" time="9.884" errors="0" timestamp="2025-07-07T16:32:29 IST" skipped="0">
  <testcase classname="CucumberOptions.FailedTestNgRunner" name="runScenario" time="9.884">
    <failure message="expected [No data] but found [Beetroot]" type="java.lang.AssertionError">
      <![CDATA[java.lang.AssertionError: expected [No data] but found [Beetroot]
at org.testng.Assert.fail(Assert.java:111)
at org.testng.Assert.failNotEquals(Assert.java:1590)
at org.testng.Assert.assertEqualsImpl(Assert.java:150)
at org.testng.Assert.assertEquals(Assert.java:132)
at org.testng.Assert.assertEquals(Assert.java:656)
at org.testng.Assert.assertEquals(Assert.java:666)
at stepdefinitions.OfferPageStepDefinition.get_assertion_products_name(OfferPageStepDefinition.java:41)
at ✽.get matching both products(file:///C:/JavaSeleniumCucumberAutomationBDD/RealAutomationBDDCucumber/src/test/java/features/searchProduct.feature:8)
]]>
    </failure>
  </testcase> <!-- runScenario -->
</testsuite> <!-- CucumberOptions.FailedTestNgRunner -->
